[debug] [2019-01-25T00:19:07.529Z] ----------------------------------------------------------------------
[debug] [2019-01-25T00:19:07.541Z] Command:       C:\Program Files\nodejs\node.exe C:\Users\harvy\AppData\Roaming\npm\node_modules\firebase-tools\lib\bin\firebase.js serve -o 0.0.0.0
[debug] [2019-01-25T00:19:07.542Z] CLI Version:   6.3.0
[debug] [2019-01-25T00:19:07.542Z] Platform:      win32
[debug] [2019-01-25T00:19:07.543Z] Node Version:  v11.3.0
[debug] [2019-01-25T00:19:07.546Z] Time:          Thu Jan 24 2019 19:19:07 GMT-0500 (GMT-05:00)
[debug] [2019-01-25T00:19:07.546Z] ----------------------------------------------------------------------
[debug] 
[debug] [2019-01-25T00:19:07.624Z] > command requires scopes: ["email","openid","https://www.googleapis.com/auth/cloudplatformprojects.readonly","https://www.googleapis.com/auth/firebase","https://www.googleapis.com/auth/cloud-platform"]
[debug] [2019-01-25T00:19:07.627Z] > authorizing via signed-in user
[debug] [2019-01-25T00:19:07.628Z] [iam] checking project dpro-343c0 for permissions ["firebase.projects.get"]
[debug] [2019-01-25T00:19:07.635Z] >>> HTTP REQUEST POST https://cloudresourcemanager.googleapis.com/v1/projects/dpro-343c0:testIamPermissions  

[debug] [2019-01-25T00:19:08.317Z] <<< HTTP RESPONSE 200
[debug] [2019-01-25T00:19:08.323Z] >>> HTTP REQUEST GET https://cloudresourcemanager.googleapis.com/v1/projects/dpro-343c0  
 
[debug] [2019-01-25T00:19:08.781Z] <<< HTTP RESPONSE 200
[info] 
[info] === Serving from 'C:\Users\harvy\Desktop\projects\dpro'...
[info] 
[info] i  functions: Preparing to emulate functions.
[debug] [2019-01-25T00:19:11.768Z] Fetching environment
[debug] [2019-01-25T00:19:11.776Z] >>> HTTP REQUEST GET https://mobilesdk-pa.googleapis.com/v1/projects/622288756150:getServerAppConfig  
 
[debug] [2019-01-25T00:19:11.778Z] >>> HTTP REQUEST GET https://mobilesdk-pa.googleapis.com/v1/projects/622288756150/clients/_:getWebAppConfig  
 
[debug] [2019-01-25T00:19:12.322Z] <<< HTTP RESPONSE 200
[debug] [2019-01-25T00:19:12.323Z] Starting @google-cloud/functions-emulator
[debug] [2019-01-25T00:19:12.440Z] <<< HTTP RESPONSE 200
[info] i  hosting: Serving hosting files from: public
[info] +  hosting: Local server: http://0.0.0.0:5000
[debug] [2019-01-25T00:19:18.603Z] Parsing function triggers
[warn] !  functions: Failed to load functions source code. Ensure that you have the latest SDK by running npm i --save firebase-functions inside the functions directory.
[debug] [2019-01-25T00:19:18.953Z] Error during trigger parsing:  Error parsing triggers: Cannot find module 'firebase-functions'

Try running "npm install" in your functions directory before deploying.
[warn] !  functions: Error from emulator. Error parsing triggers: Cannot find module 'firebase-functions'

Try running "npm install" in your functions directory before deploying.
[debug] [2019-01-25T00:19:18.957Z] 
